c:\users\kang\desktop\백업\포폴프로젝트\dx3d\debug\dx3d.pch
c:\users\kang\desktop\백업\포폴프로젝트\dx3d\debug\vc120.pdb
c:\users\kang\desktop\백업\포폴프로젝트\dx3d\debug\vc120.idb
c:\users\kang\desktop\백업\포폴프로젝트\dx3d\debug\stdafx.obj
c:\users\kang\desktop\백업\포폴프로젝트\dx3d\debug\cmaprender.obj
c:\users\kang\desktop\백업\포폴프로젝트\dx3d\debug\cmtltex.obj
c:\users\kang\desktop\백업\포폴프로젝트\dx3d\debug\cobejctmanager.obj
c:\users\kang\desktop\백업\포폴프로젝트\dx3d\debug\cobject.obj
c:\users\kang\desktop\백업\포폴프로젝트\dx3d\debug\cobjloader.obj
c:\users\kang\desktop\백업\포폴프로젝트\dx3d\debug\cobjmap.obj
c:\users\kang\desktop\백업\포폴프로젝트\dx3d\debug\cpyramid.obj
c:\users\kang\desktop\백업\포폴프로젝트\dx3d\debug\cray.obj
c:\users\kang\desktop\백업\포폴프로젝트\dx3d\debug\cshadermanager.obj
c:\users\kang\desktop\백업\포폴프로젝트\dx3d\debug\cskinnedmesh.obj
c:\users\kang\desktop\백업\포폴프로젝트\dx3d\debug\cskinnedmesh2.obj
c:\users\kang\desktop\백업\포폴프로젝트\dx3d\debug\cskinnedmeshmanager.obj
c:\users\kang\desktop\백업\포폴프로젝트\dx3d\debug\ctexturemanager.obj
c:\users\kang\desktop\백업\포폴프로젝트\dx3d\debug\ctimemanager.obj
c:\users\kang\desktop\백업\포폴프로젝트\dx3d\debug\cuibutton.obj
c:\users\kang\desktop\백업\포폴프로젝트\dx3d\debug\cuiimageview.obj
c:\users\kang\desktop\백업\포폴프로젝트\dx3d\debug\cuiobject.obj
c:\users\kang\desktop\백업\포폴프로젝트\dx3d\debug\cuitextview.obj
c:\users\kang\desktop\백업\포폴프로젝트\dx3d\debug\dx3d.obj
c:\users\kang\desktop\백업\포폴프로젝트\dx3d\debug\imap.obj
c:\users\kang\desktop\백업\포폴프로젝트\dx3d\debug\caction.obj
c:\users\kang\desktop\백업\포폴프로젝트\dx3d\debug\cactionmove.obj
c:\users\kang\desktop\백업\포폴프로젝트\dx3d\debug\cactionrepeat.obj
c:\users\kang\desktop\백업\포폴프로젝트\dx3d\debug\cactionseq.obj
c:\users\kang\desktop\백업\포폴프로젝트\dx3d\debug\callocatehierarchy.obj
c:\users\kang\desktop\백업\포폴프로젝트\dx3d\debug\caseloader.obj
c:\users\kang\desktop\백업\포폴프로젝트\dx3d\debug\cautoreleasepool.obj
c:\users\kang\desktop\백업\포폴프로젝트\dx3d\debug\ccamera.obj
c:\users\kang\desktop\백업\포폴프로젝트\dx3d\debug\ccrtcontroller.obj
c:\users\kang\desktop\백업\포폴프로젝트\dx3d\debug\ccube.obj
c:\users\kang\desktop\백업\포폴프로젝트\dx3d\debug\cdevicemanager.obj
c:\users\kang\desktop\백업\포폴프로젝트\dx3d\debug\cframe.obj
c:\users\kang\desktop\백업\포폴프로젝트\dx3d\debug\cfrostumculling.obj
c:\users\kang\desktop\백업\포폴프로젝트\dx3d\debug\cgameobject.obj
c:\users\kang\desktop\백업\포폴프로젝트\dx3d\debug\cgrid.obj
c:\users\kang\desktop\백업\포폴프로젝트\dx3d\debug\cgroup.obj
c:\users\kang\desktop\백업\포폴프로젝트\dx3d\debug\cheightmap.obj
c:\users\kang\desktop\백업\포폴프로젝트\dx3d\debug\cmaingame.obj
c:\users\kang\desktop\백업\포폴프로젝트\dx3d\debug\callocatehierarchy2.obj
c:\users\kang\desktop\백업\포폴프로젝트\dx3d\debug\cfontmanager.obj
c:\users\kang\desktop\백업\포폴프로젝트\dx3d\debug\cobb.obj
c:\users\kang\desktop\ariya\포폴발표\1주차\포폴프로젝트\dx3d\debug\dx3d.pch
c:\users\kang\desktop\ariya\포폴발표\1주차\포폴프로젝트\dx3d\debug\vc120.pdb
c:\users\kang\desktop\ariya\포폴발표\1주차\포폴프로젝트\dx3d\debug\vc120.idb
c:\users\kang\desktop\ariya\포폴발표\1주차\포폴프로젝트\dx3d\debug\stdafx.obj
c:\users\kang\desktop\ariya\포폴발표\1주차\포폴프로젝트\dx3d\debug\cmtltex.obj
c:\users\kang\desktop\ariya\포폴발표\1주차\포폴프로젝트\dx3d\debug\cobb.obj
c:\users\kang\desktop\ariya\포폴발표\1주차\포폴프로젝트\dx3d\debug\cobejctmanager.obj
c:\users\kang\desktop\ariya\포폴발표\1주차\포폴프로젝트\dx3d\debug\cobject.obj
c:\users\kang\desktop\ariya\포폴발표\1주차\포폴프로젝트\dx3d\debug\cobjloader.obj
c:\users\kang\desktop\ariya\포폴발표\1주차\포폴프로젝트\dx3d\debug\cobjmap.obj
c:\users\kang\desktop\ariya\포폴발표\1주차\포폴프로젝트\dx3d\debug\cpyramid.obj
c:\users\kang\desktop\ariya\포폴발표\1주차\포폴프로젝트\dx3d\debug\cray.obj
c:\users\kang\desktop\ariya\포폴발표\1주차\포폴프로젝트\dx3d\debug\cshadermanager.obj
c:\users\kang\desktop\ariya\포폴발표\1주차\포폴프로젝트\dx3d\debug\cskinnedmesh.obj
c:\users\kang\desktop\ariya\포폴발표\1주차\포폴프로젝트\dx3d\debug\cskinnedmesh2.obj
c:\users\kang\desktop\ariya\포폴발표\1주차\포폴프로젝트\dx3d\debug\cskinnedmeshmanager.obj
c:\users\kang\desktop\ariya\포폴발표\1주차\포폴프로젝트\dx3d\debug\ctexturemanager.obj
c:\users\kang\desktop\ariya\포폴발표\1주차\포폴프로젝트\dx3d\debug\ctimemanager.obj
c:\users\kang\desktop\ariya\포폴발표\1주차\포폴프로젝트\dx3d\debug\cuibutton.obj
c:\users\kang\desktop\ariya\포폴발표\1주차\포폴프로젝트\dx3d\debug\cuiimageview.obj
c:\users\kang\desktop\ariya\포폴발표\1주차\포폴프로젝트\dx3d\debug\cuiobject.obj
c:\users\kang\desktop\ariya\포폴발표\1주차\포폴프로젝트\dx3d\debug\cuitextview.obj
c:\users\kang\desktop\ariya\포폴발표\1주차\포폴프로젝트\dx3d\debug\dx3d.obj
c:\users\kang\desktop\ariya\포폴발표\1주차\포폴프로젝트\dx3d\debug\imap.obj
c:\users\kang\desktop\ariya\포폴발표\1주차\포폴프로젝트\dx3d\debug\cactionmove.obj
c:\users\kang\desktop\ariya\포폴발표\1주차\포폴프로젝트\dx3d\debug\cactionrepeat.obj
c:\users\kang\desktop\ariya\포폴발표\1주차\포폴프로젝트\dx3d\debug\cactionseq.obj
c:\users\kang\desktop\ariya\포폴발표\1주차\포폴프로젝트\dx3d\debug\callocatehierarchy.obj
c:\users\kang\desktop\ariya\포폴발표\1주차\포폴프로젝트\dx3d\debug\callocatehierarchy2.obj
c:\users\kang\desktop\ariya\포폴발표\1주차\포폴프로젝트\dx3d\debug\caseloader.obj
c:\users\kang\desktop\ariya\포폴발표\1주차\포폴프로젝트\dx3d\debug\cautoreleasepool.obj
c:\users\kang\desktop\ariya\포폴발표\1주차\포폴프로젝트\dx3d\debug\ccamera.obj
c:\users\kang\desktop\ariya\포폴발표\1주차\포폴프로젝트\dx3d\debug\ccrtcontroller.obj
c:\users\kang\desktop\ariya\포폴발표\1주차\포폴프로젝트\dx3d\debug\ccube.obj
c:\users\kang\desktop\ariya\포폴발표\1주차\포폴프로젝트\dx3d\debug\cdevicemanager.obj
c:\users\kang\desktop\ariya\포폴발표\1주차\포폴프로젝트\dx3d\debug\cfontmanager.obj
c:\users\kang\desktop\ariya\포폴발표\1주차\포폴프로젝트\dx3d\debug\cframe.obj
c:\users\kang\desktop\ariya\포폴발표\1주차\포폴프로젝트\dx3d\debug\cfrostumculling.obj
c:\users\kang\desktop\ariya\포폴발표\1주차\포폴프로젝트\dx3d\debug\cgameobject.obj
c:\users\kang\desktop\ariya\포폴발표\1주차\포폴프로젝트\dx3d\debug\cgrid.obj
c:\users\kang\desktop\ariya\포폴발표\1주차\포폴프로젝트\dx3d\debug\cgroup.obj
c:\users\kang\desktop\ariya\포폴발표\1주차\포폴프로젝트\dx3d\debug\cheightmap.obj
c:\users\kang\desktop\ariya\포폴발표\1주차\포폴프로젝트\dx3d\debug\cmaingame.obj
c:\users\kang\desktop\ariya\포폴발표\1주차\포폴프로젝트\dx3d\debug\cmaprender.obj
c:\users\kang\desktop\ariya\포폴발표\1주차\포폴프로젝트\dx3d\debug\caction.obj
c:\users\kang\desktop\포폴프로젝트\dx3d\debug\dx3d.pch
c:\users\kang\desktop\포폴프로젝트\dx3d\debug\vc120.pdb
c:\users\kang\desktop\포폴프로젝트\dx3d\debug\vc120.idb
c:\users\kang\desktop\포폴프로젝트\dx3d\debug\stdafx.obj
c:\users\kang\desktop\포폴프로젝트\dx3d\debug\cmtltex.obj
c:\users\kang\desktop\포폴프로젝트\dx3d\debug\cobb.obj
c:\users\kang\desktop\포폴프로젝트\dx3d\debug\cobejctmanager.obj
c:\users\kang\desktop\포폴프로젝트\dx3d\debug\cobject.obj
c:\users\kang\desktop\포폴프로젝트\dx3d\debug\cobjloader.obj
c:\users\kang\desktop\포폴프로젝트\dx3d\debug\cobjmap.obj
c:\users\kang\desktop\포폴프로젝트\dx3d\debug\cpyramid.obj
c:\users\kang\desktop\포폴프로젝트\dx3d\debug\cray.obj
c:\users\kang\desktop\포폴프로젝트\dx3d\debug\cshadermanager.obj
c:\users\kang\desktop\포폴프로젝트\dx3d\debug\cskinnedmesh.obj
c:\users\kang\desktop\포폴프로젝트\dx3d\debug\cskinnedmesh2.obj
c:\users\kang\desktop\포폴프로젝트\dx3d\debug\cskinnedmeshmanager.obj
c:\users\kang\desktop\포폴프로젝트\dx3d\debug\ctexturemanager.obj
c:\users\kang\desktop\포폴프로젝트\dx3d\debug\ctimemanager.obj
c:\users\kang\desktop\포폴프로젝트\dx3d\debug\cuibutton.obj
c:\users\kang\desktop\포폴프로젝트\dx3d\debug\cuiimageview.obj
c:\users\kang\desktop\포폴프로젝트\dx3d\debug\cuiobject.obj
c:\users\kang\desktop\포폴프로젝트\dx3d\debug\cuitextview.obj
c:\users\kang\desktop\포폴프로젝트\dx3d\debug\dx3d.obj
c:\users\kang\desktop\포폴프로젝트\dx3d\debug\imap.obj
c:\users\kang\desktop\포폴프로젝트\dx3d\debug\cactionmove.obj
c:\users\kang\desktop\포폴프로젝트\dx3d\debug\cactionrepeat.obj
c:\users\kang\desktop\포폴프로젝트\dx3d\debug\cactionseq.obj
c:\users\kang\desktop\포폴프로젝트\dx3d\debug\callocatehierarchy.obj
c:\users\kang\desktop\포폴프로젝트\dx3d\debug\callocatehierarchy2.obj
c:\users\kang\desktop\포폴프로젝트\dx3d\debug\caseloader.obj
c:\users\kang\desktop\포폴프로젝트\dx3d\debug\cautoreleasepool.obj
c:\users\kang\desktop\포폴프로젝트\dx3d\debug\ccamera.obj
c:\users\kang\desktop\포폴프로젝트\dx3d\debug\ccrtcontroller.obj
c:\users\kang\desktop\포폴프로젝트\dx3d\debug\ccube.obj
c:\users\kang\desktop\포폴프로젝트\dx3d\debug\cdevicemanager.obj
c:\users\kang\desktop\포폴프로젝트\dx3d\debug\cfontmanager.obj
c:\users\kang\desktop\포폴프로젝트\dx3d\debug\cframe.obj
c:\users\kang\desktop\포폴프로젝트\dx3d\debug\cfrostumculling.obj
c:\users\kang\desktop\포폴프로젝트\dx3d\debug\cgameobject.obj
c:\users\kang\desktop\포폴프로젝트\dx3d\debug\cgrid.obj
c:\users\kang\desktop\포폴프로젝트\dx3d\debug\cgroup.obj
c:\users\kang\desktop\포폴프로젝트\dx3d\debug\cheightmap.obj
c:\users\kang\desktop\포폴프로젝트\dx3d\debug\cmaingame.obj
c:\users\kang\desktop\포폴프로젝트\dx3d\debug\caction.obj
c:\users\kang\desktop\포폴프로젝트\dx3d\debug\cmaprender.obj
c:\users\kang\desktop\백업\포폴프로젝트\debug\dx3d.ilk
c:\users\kang\desktop\백업\포폴프로젝트\debug\dx3d.exe
c:\users\kang\desktop\백업\포폴프로젝트\debug\dx3d.pdb
c:\users\kang\desktop\ariya\포폴발표\1주차\포폴프로젝트\debug\dx3d.ilk
c:\users\kang\desktop\ariya\포폴발표\1주차\포폴프로젝트\debug\dx3d.exe
c:\users\kang\desktop\ariya\포폴발표\1주차\포폴프로젝트\debug\dx3d.pdb
c:\users\kang\desktop\포폴프로젝트\debug\dx3d.ilk
c:\users\kang\desktop\포폴프로젝트\debug\dx3d.exe
c:\users\kang\desktop\포폴프로젝트\debug\dx3d.pdb
c:\users\kang\desktop\백업\포폴프로젝트\dx3d\debug\dx3d.res
c:\users\kang\desktop\ariya\포폴발표\1주차\포폴프로젝트\dx3d\debug\dx3d.res
c:\users\kang\desktop\포폴프로젝트\dx3d\debug\dx3d.res
c:\users\kang\desktop\포폴프로젝트\dx3d\debug\chero.obj
c:\users\kang\desktop\포폴프로젝트\dx3d\debug\dx3d.tlog\cl.command.1.tlog
c:\users\kang\desktop\포폴프로젝트\dx3d\debug\dx3d.tlog\cl.read.1.tlog
c:\users\kang\desktop\포폴프로젝트\dx3d\debug\dx3d.tlog\cl.write.1.tlog
c:\users\kang\desktop\포폴프로젝트\dx3d\debug\dx3d.tlog\link.command.1.tlog
c:\users\kang\desktop\포폴프로젝트\dx3d\debug\dx3d.tlog\link.read.1.tlog
c:\users\kang\desktop\포폴프로젝트\dx3d\debug\dx3d.tlog\link.write.1.tlog
c:\users\kang\desktop\포폴프로젝트\dx3d\debug\dx3d.tlog\rc.command.1.tlog
c:\users\kang\desktop\포폴프로젝트\dx3d\debug\dx3d.tlog\rc.read.1.tlog
c:\users\kang\desktop\포폴프로젝트\dx3d\debug\dx3d.tlog\rc.write.1.tlog
