빌드 시작: 2016-12-05 오전 11:32:41
     1>2 노드의 "C:\Users\Yoo Ji Hyeon\Desktop\높이맵\Dx3D\Dx3D.vcxproj" 프로젝트(Build 대상)입니다.
     1>ClCompile:
         C:\Program Files (x86)\Microsoft Visual Studio 12.0\VC\bin\CL.exe /c /ZI /nologo /W3 /WX- /Od /Oy- /D WIN32 /D _DEBUG /D _WINDOWS /D _MBCS /Gm /EHsc /RTC1 /MDd /GS /fp:precise /Zc:wchar_t /Zc:forScope /Yu"stdafx.h" /Fp"Debug\Dx3D.pch" /Fo"Debug\\" /Fd"Debug\vc120.pdb" /Gd /TP /analyze- /errorReport:prompt cMainGame.cpp
         cMainGame.cpp
     1>c:\users\yoo ji hyeon\desktop\높이맵\dx3d\cmaingame.cpp(68): warning C4316: 'cCamera': 힙에 할당된 개체가 16에 맞추어져 있지 않을 수도 있습니다
     1>c:\users\yoo ji hyeon\desktop\높이맵\dx3d\cmaingame.cpp(71): warning C4316: 'cCrtController': 힙에 할당된 개체가 16에 맞추어져 있지 않을 수도 있습니다
       Link:
         C:\Program Files (x86)\Microsoft Visual Studio 12.0\VC\bin\link.exe /ERRORREPORT:PROMPT /OUT:"C:\Users\Yoo Ji Hyeon\Desktop\높이맵\Debug\Dx3D.exe" /INCREMENTAL /NOLOGO kernel32.lib user32.lib gdi32.lib winspool.lib comdlg32.lib advapi32.lib shell32.lib ole32.lib oleaut32.lib uuid.lib odbc32.lib odbccp32.lib /MANIFEST /MANIFESTUAC:"level='asInvoker' uiAccess='false'" /manifest:embed /DEBUG /PDB:"C:\Users\Yoo Ji Hyeon\Desktop\높이맵\Debug\Dx3D.pdb" /SUBSYSTEM:WINDOWS /TLBID:1 /DYNAMICBASE /NXCOMPAT /IMPLIB:"C:\Users\Yoo Ji Hyeon\Desktop\높이맵\Debug\Dx3D.lib" /MACHINE:X86 Debug\Dx3D.res
         Debug\cAction.obj
         Debug\cActionMove.obj
         Debug\cActionRepeat.obj
         Debug\cActionSeq.obj
         Debug\cAllocateHierarchy.obj
         Debug\cAseLoader.obj
         Debug\cAutoReleasePool.obj
         Debug\cCamera.obj
         Debug\cCrtController.obj
         Debug\cCube.obj
         Debug\cDeviceManager.obj
         Debug\cFrame.obj
         Debug\cFrostumCulling.obj
         Debug\cGameObject.obj
         Debug\cGrid.obj
         Debug\cGroup.obj
         Debug\cHeightMap.obj
         Debug\cMainGame.obj
         Debug\cMtlTex.obj
         Debug\cObject.obj
         Debug\cObjLoader.obj
         Debug\cObjMap.obj
         Debug\cPyramid.obj
         Debug\cRay.obj
         Debug\cSkinnedMesh.obj
         Debug\cSkinnedMeshManager.obj
         Debug\cTextureManager.obj
         Debug\cTimeManager.obj
         Debug\Dx3D.obj
         Debug\iMap.obj
         Debug\stdafx.obj
         Dx3D.vcxproj -> C:\Users\Yoo Ji Hyeon\Desktop\높이맵\Debug\Dx3D.exe
     1>"C:\Users\Yoo Ji Hyeon\Desktop\높이맵\Dx3D\Dx3D.vcxproj" 프로젝트를 빌드했습니다(Build 대상).

빌드했습니다.

경과 시간: 00:00:01.30
