d:\박철진\1603\161118_xfile\dx3d\debug\dx3d.pch
d:\박철진\1603\161118_xfile\dx3d\debug\stdafx.obj
d:\박철진\1603\161118_xfile\dx3d\debug\vc100.pdb
d:\박철진\1603\161118_xfile\dx3d\debug\ccamera.obj
d:\박철진\1603\161118_xfile\dx3d\debug\ccrtcontroller.obj
d:\박철진\1603\161118_xfile\dx3d\debug\ccube.obj
d:\박철진\1603\161118_xfile\dx3d\debug\cdevicemanager.obj
d:\박철진\1603\161118_xfile\dx3d\debug\cframe.obj
d:\박철진\1603\161118_xfile\dx3d\debug\cgameobject.obj
d:\박철진\1603\161118_xfile\dx3d\debug\cgrid.obj
d:\박철진\1603\161118_xfile\dx3d\debug\cgroup.obj
d:\박철진\1603\161118_xfile\dx3d\debug\cmaingame.obj
d:\박철진\1603\161118_xfile\dx3d\debug\cmtltex.obj
d:\박철진\1603\161118_xfile\dx3d\debug\cobject.obj
d:\박철진\1603\161118_xfile\dx3d\debug\cobjloader.obj
d:\박철진\1603\161118_xfile\dx3d\debug\cobjmap.obj
d:\박철진\1603\161118_xfile\dx3d\debug\cpyramid.obj
d:\박철진\1603\161118_xfile\dx3d\debug\cray.obj
d:\박철진\1603\161118_xfile\dx3d\debug\cskinnedmesh.obj
d:\박철진\1603\161118_xfile\dx3d\debug\ctexturemanager.obj
d:\박철진\1603\161118_xfile\dx3d\debug\ctimemanager.obj
d:\박철진\1603\161118_xfile\dx3d\debug\dx3d.obj
d:\박철진\1603\161118_xfile\dx3d\debug\imap.obj
d:\박철진\1603\161118_xfile\dx3d\debug\caction.obj
d:\박철진\1603\161118_xfile\dx3d\debug\cactionmove.obj
d:\박철진\1603\161118_xfile\dx3d\debug\cactionrepeat.obj
d:\박철진\1603\161118_xfile\dx3d\debug\cactionseq.obj
d:\박철진\1603\161118_xfile\dx3d\debug\callocatehierarchy.obj
d:\박철진\1603\161118_xfile\dx3d\debug\caseloader.obj
d:\박철진\1603\161118_xfile\dx3d\debug\cautoreleasepool.obj
d:\박철진\1603\161121_xfile\dx3d\debug\dx3d.pch
d:\박철진\1603\161121_xfile\dx3d\debug\stdafx.obj
d:\박철진\1603\161121_xfile\dx3d\debug\vc100.pdb
d:\박철진\1603\161121_xfile\dx3d\debug\ccamera.obj
d:\박철진\1603\161121_xfile\dx3d\debug\ccrtcontroller.obj
d:\박철진\1603\161121_xfile\dx3d\debug\ccube.obj
d:\박철진\1603\161121_xfile\dx3d\debug\cdevicemanager.obj
d:\박철진\1603\161121_xfile\dx3d\debug\cframe.obj
d:\박철진\1603\161121_xfile\dx3d\debug\cgameobject.obj
d:\박철진\1603\161121_xfile\dx3d\debug\cgrid.obj
d:\박철진\1603\161121_xfile\dx3d\debug\cgroup.obj
d:\박철진\1603\161121_xfile\dx3d\debug\cmaingame.obj
d:\박철진\1603\161121_xfile\dx3d\debug\cmtltex.obj
d:\박철진\1603\161121_xfile\dx3d\debug\cobject.obj
d:\박철진\1603\161121_xfile\dx3d\debug\cobjloader.obj
d:\박철진\1603\161121_xfile\dx3d\debug\cobjmap.obj
d:\박철진\1603\161121_xfile\dx3d\debug\cpyramid.obj
d:\박철진\1603\161121_xfile\dx3d\debug\cray.obj
d:\박철진\1603\161121_xfile\dx3d\debug\cskinnedmesh.obj
d:\박철진\1603\161121_xfile\dx3d\debug\ctexturemanager.obj
d:\박철진\1603\161121_xfile\dx3d\debug\ctimemanager.obj
d:\박철진\1603\161121_xfile\dx3d\debug\dx3d.obj
d:\박철진\1603\161121_xfile\dx3d\debug\imap.obj
d:\박철진\1603\161121_xfile\dx3d\debug\caction.obj
d:\박철진\1603\161121_xfile\dx3d\debug\cactionmove.obj
d:\박철진\1603\161121_xfile\dx3d\debug\cactionrepeat.obj
d:\박철진\1603\161121_xfile\dx3d\debug\cactionseq.obj
d:\박철진\1603\161121_xfile\dx3d\debug\callocatehierarchy.obj
d:\박철진\1603\161121_xfile\dx3d\debug\caseloader.obj
d:\박철진\1603\161121_xfile\dx3d\debug\cautoreleasepool.obj
d:\박철진\1603\161123_multianim\dx3d\debug\dx3d.pch
d:\박철진\1603\161123_multianim\dx3d\debug\stdafx.obj
d:\박철진\1603\161123_multianim\dx3d\debug\vc100.pdb
d:\박철진\1603\161123_multianim\dx3d\debug\ccrtcontroller.obj
d:\박철진\1603\161123_multianim\dx3d\debug\ccube.obj
d:\박철진\1603\161123_multianim\dx3d\debug\cdevicemanager.obj
d:\박철진\1603\161123_multianim\dx3d\debug\cframe.obj
d:\박철진\1603\161123_multianim\dx3d\debug\cgameobject.obj
d:\박철진\1603\161123_multianim\dx3d\debug\cgrid.obj
d:\박철진\1603\161123_multianim\dx3d\debug\cgroup.obj
d:\박철진\1603\161123_multianim\dx3d\debug\cmtltex.obj
d:\박철진\1603\161123_multianim\dx3d\debug\cobject.obj
d:\박철진\1603\161123_multianim\dx3d\debug\cobjloader.obj
d:\박철진\1603\161123_multianim\dx3d\debug\cobjmap.obj
d:\박철진\1603\161123_multianim\dx3d\debug\cpyramid.obj
d:\박철진\1603\161123_multianim\dx3d\debug\cray.obj
d:\박철진\1603\161123_multianim\dx3d\debug\cskinnedmeshmanager.obj
d:\박철진\1603\161123_multianim\dx3d\debug\ctexturemanager.obj
d:\박철진\1603\161123_multianim\dx3d\debug\ctimemanager.obj
d:\박철진\1603\161123_multianim\dx3d\debug\dx3d.obj
d:\박철진\1603\161123_multianim\dx3d\debug\imap.obj
d:\박철진\1603\161123_multianim\dx3d\debug\caction.obj
d:\박철진\1603\161123_multianim\dx3d\debug\cactionmove.obj
d:\박철진\1603\161123_multianim\dx3d\debug\cactionrepeat.obj
d:\박철진\1603\161123_multianim\dx3d\debug\cactionseq.obj
d:\박철진\1603\161123_multianim\dx3d\debug\callocatehierarchy.obj
d:\박철진\1603\161123_multianim\dx3d\debug\caseloader.obj
d:\박철진\1603\161123_multianim\dx3d\debug\cautoreleasepool.obj
d:\박철진\1603\161123_multianim\dx3d\debug\ccamera.obj
d:\박철진\1603\161123_multianim\dx3d\debug\cmaingame.obj
d:\박철진\1603\161123_multianim\dx3d\debug\cskinnedmesh.obj
d:\박철진\1603\161118_xfile\debug\dx3d.ilk
d:\박철진\1603\161118_xfile\debug\dx3d.exe
d:\박철진\1603\161118_xfile\dx3d\debug\dx3d.exe.intermediate.manifest
d:\박철진\1603\161118_xfile\debug\dx3d.pdb
d:\박철진\1603\161121_xfile\debug\dx3d.ilk
d:\박철진\1603\161121_xfile\debug\dx3d.exe
d:\박철진\1603\161121_xfile\dx3d\debug\dx3d.exe.intermediate.manifest
d:\박철진\1603\161121_xfile\debug\dx3d.pdb
d:\박철진\1603\161123_multianim\debug\dx3d.ilk
d:\박철진\1603\161123_multianim\debug\dx3d.exe
d:\박철진\1603\161123_multianim\dx3d\debug\dx3d.exe.intermediate.manifest
d:\박철진\1603\161123_multianim\debug\dx3d.pdb
d:\박철진\1603\161118_xfile\dx3d\debug\dx3d.exe.embed.manifest
d:\박철진\1603\161118_xfile\dx3d\debug\dx3d.res
d:\박철진\1603\161118_xfile\dx3d\debug\dx3d.exe.embed.manifest.res
d:\박철진\1603\161121_xfile\dx3d\debug\dx3d.res
d:\박철진\1603\161121_xfile\dx3d\debug\dx3d.exe.embed.manifest.res
d:\박철진\1603\161123_multianim\dx3d\debug\dx3d.res
d:\박철진\1603\161123_multianim\dx3d\debug\dx3d.exe.embed.manifest.res
c:\users\user\desktop\프로그래밍\3d프로그래밍\수업\161123\161123_multianim\dx3d\debug\dx3d.pch
c:\users\user\desktop\프로그래밍\3d프로그래밍\수업\161123\161123_multianim\dx3d\debug\vc120.pdb
c:\users\user\desktop\프로그래밍\3d프로그래밍\수업\161123\161123_multianim\dx3d\debug\vc120.idb
c:\users\user\desktop\프로그래밍\3d프로그래밍\수업\161123\161123_multianim\dx3d\debug\stdafx.obj
c:\users\user\desktop\프로그래밍\3d프로그래밍\수업\161123\161123_multianim\dx3d\debug\ccrtcontroller.obj
c:\users\user\desktop\프로그래밍\3d프로그래밍\수업\161123\161123_multianim\dx3d\debug\ccube.obj
c:\users\user\desktop\프로그래밍\3d프로그래밍\수업\161123\161123_multianim\dx3d\debug\cdevicemanager.obj
c:\users\user\desktop\프로그래밍\3d프로그래밍\수업\161123\161123_multianim\dx3d\debug\cframe.obj
c:\users\user\desktop\프로그래밍\3d프로그래밍\수업\161123\161123_multianim\dx3d\debug\cgameobject.obj
c:\users\user\desktop\프로그래밍\3d프로그래밍\수업\161123\161123_multianim\dx3d\debug\cgrid.obj
c:\users\user\desktop\프로그래밍\3d프로그래밍\수업\161123\161123_multianim\dx3d\debug\cgroup.obj
c:\users\user\desktop\프로그래밍\3d프로그래밍\수업\161123\161123_multianim\dx3d\debug\cmaingame.obj
c:\users\user\desktop\프로그래밍\3d프로그래밍\수업\161123\161123_multianim\dx3d\debug\cmtltex.obj
c:\users\user\desktop\프로그래밍\3d프로그래밍\수업\161123\161123_multianim\dx3d\debug\cobject.obj
c:\users\user\desktop\프로그래밍\3d프로그래밍\수업\161123\161123_multianim\dx3d\debug\cobjloader.obj
c:\users\user\desktop\프로그래밍\3d프로그래밍\수업\161123\161123_multianim\dx3d\debug\cobjmap.obj
c:\users\user\desktop\프로그래밍\3d프로그래밍\수업\161123\161123_multianim\dx3d\debug\cpyramid.obj
c:\users\user\desktop\프로그래밍\3d프로그래밍\수업\161123\161123_multianim\dx3d\debug\cray.obj
c:\users\user\desktop\프로그래밍\3d프로그래밍\수업\161123\161123_multianim\dx3d\debug\cskinnedmesh.obj
c:\users\user\desktop\프로그래밍\3d프로그래밍\수업\161123\161123_multianim\dx3d\debug\cskinnedmeshmanager.obj
c:\users\user\desktop\프로그래밍\3d프로그래밍\수업\161123\161123_multianim\dx3d\debug\ctexturemanager.obj
c:\users\user\desktop\프로그래밍\3d프로그래밍\수업\161123\161123_multianim\dx3d\debug\ctimemanager.obj
c:\users\user\desktop\프로그래밍\3d프로그래밍\수업\161123\161123_multianim\dx3d\debug\dx3d.obj
c:\users\user\desktop\프로그래밍\3d프로그래밍\수업\161123\161123_multianim\dx3d\debug\imap.obj
c:\users\user\desktop\프로그래밍\3d프로그래밍\수업\161123\161123_multianim\dx3d\debug\caction.obj
c:\users\user\desktop\프로그래밍\3d프로그래밍\수업\161123\161123_multianim\dx3d\debug\cactionmove.obj
c:\users\user\desktop\프로그래밍\3d프로그래밍\수업\161123\161123_multianim\dx3d\debug\cactionrepeat.obj
c:\users\user\desktop\프로그래밍\3d프로그래밍\수업\161123\161123_multianim\dx3d\debug\cactionseq.obj
c:\users\user\desktop\프로그래밍\3d프로그래밍\수업\161123\161123_multianim\dx3d\debug\callocatehierarchy.obj
c:\users\user\desktop\프로그래밍\3d프로그래밍\수업\161123\161123_multianim\dx3d\debug\caseloader.obj
c:\users\user\desktop\프로그래밍\3d프로그래밍\수업\161123\161123_multianim\dx3d\debug\cautoreleasepool.obj
c:\users\user\desktop\프로그래밍\3d프로그래밍\수업\161123\161123_multianim\dx3d\debug\ccamera.obj
c:\users\user\desktop\프로그래밍\3d프로그래밍\수업\161123\161123_multianim\dx3d\debug\cfrostumculling.obj
c:\users\user\desktop\프로그래밍\3d프로그래밍\수업\161123\161123_multianim\debug\dx3d.ilk
c:\users\user\desktop\프로그래밍\3d프로그래밍\수업\161123\161123_multianim\debug\dx3d.exe
c:\users\user\desktop\프로그래밍\3d프로그래밍\수업\161123\161123_multianim\debug\dx3d.pdb
c:\users\user\desktop\프로그래밍\3d프로그래밍\수업\161123\161123_multianim\dx3d\debug\dx3d.res
c:\users\user\desktop\프로그래밍\3d프로그래밍\수업\161123\161123_multianim\dx3d\debug\dx3d.vcxprojresolveassemblyreference.cache
c:\users\user\desktop\프로그래밍\3d프로그래밍\수업\161123\161123_multianim\dx3d\debug\cl.command.1.tlog
c:\users\user\desktop\프로그래밍\3d프로그래밍\수업\161123\161123_multianim\dx3d\debug\cl.read.1.tlog
c:\users\user\desktop\프로그래밍\3d프로그래밍\수업\161123\161123_multianim\dx3d\debug\cl.write.1.tlog
c:\users\user\desktop\프로그래밍\3d프로그래밍\수업\161123\161123_multianim\dx3d\debug\dx3d.write.1.tlog
c:\users\user\desktop\프로그래밍\3d프로그래밍\수업\161123\161123_multianim\dx3d\debug\link-cvtres.read.1.tlog
c:\users\user\desktop\프로그래밍\3d프로그래밍\수업\161123\161123_multianim\dx3d\debug\link-cvtres.write.1.tlog
c:\users\user\desktop\프로그래밍\3d프로그래밍\수업\161123\161123_multianim\dx3d\debug\link.4016-cvtres.read.1.tlog
c:\users\user\desktop\프로그래밍\3d프로그래밍\수업\161123\161123_multianim\dx3d\debug\link.4016-cvtres.write.1.tlog
c:\users\user\desktop\프로그래밍\3d프로그래밍\수업\161123\161123_multianim\dx3d\debug\link.4016.read.1.tlog
c:\users\user\desktop\프로그래밍\3d프로그래밍\수업\161123\161123_multianim\dx3d\debug\link.4016.write.1.tlog
c:\users\user\desktop\프로그래밍\3d프로그래밍\수업\161123\161123_multianim\dx3d\debug\link.5888-cvtres.read.1.tlog
c:\users\user\desktop\프로그래밍\3d프로그래밍\수업\161123\161123_multianim\dx3d\debug\link.5888-cvtres.write.1.tlog
c:\users\user\desktop\프로그래밍\3d프로그래밍\수업\161123\161123_multianim\dx3d\debug\link.5888.read.1.tlog
c:\users\user\desktop\프로그래밍\3d프로그래밍\수업\161123\161123_multianim\dx3d\debug\link.5888.write.1.tlog
c:\users\user\desktop\프로그래밍\3d프로그래밍\수업\161123\161123_multianim\dx3d\debug\link.744-cvtres.read.1.tlog
c:\users\user\desktop\프로그래밍\3d프로그래밍\수업\161123\161123_multianim\dx3d\debug\link.744-cvtres.write.1.tlog
c:\users\user\desktop\프로그래밍\3d프로그래밍\수업\161123\161123_multianim\dx3d\debug\link.744.read.1.tlog
c:\users\user\desktop\프로그래밍\3d프로그래밍\수업\161123\161123_multianim\dx3d\debug\link.744.write.1.tlog
c:\users\user\desktop\프로그래밍\3d프로그래밍\수업\161123\161123_multianim\dx3d\debug\link.command.1.tlog
c:\users\user\desktop\프로그래밍\3d프로그래밍\수업\161123\161123_multianim\dx3d\debug\link.read.1.tlog
c:\users\user\desktop\프로그래밍\3d프로그래밍\수업\161123\161123_multianim\dx3d\debug\link.write.1.tlog
c:\users\user\desktop\프로그래밍\3d프로그래밍\수업\161123\161123_multianim\dx3d\debug\mt.command.1.tlog
c:\users\user\desktop\프로그래밍\3d프로그래밍\수업\161123\161123_multianim\dx3d\debug\mt.read.1.tlog
c:\users\user\desktop\프로그래밍\3d프로그래밍\수업\161123\161123_multianim\dx3d\debug\mt.write.1.tlog
c:\users\user\desktop\프로그래밍\3d프로그래밍\수업\161123\161123_multianim\dx3d\debug\rc.command.1.tlog
c:\users\user\desktop\프로그래밍\3d프로그래밍\수업\161123\161123_multianim\dx3d\debug\rc.read.1.tlog
c:\users\user\desktop\프로그래밍\3d프로그래밍\수업\161123\161123_multianim\dx3d\debug\rc.write.1.tlog
c:\users\user\desktop\프로그래밍\3d프로그래밍\수업\161123\161123_multianim\dx3d\debug\dx3d.exe.embed.manifest
c:\users\user\desktop\프로그래밍\3d프로그래밍\수업\161123\161123_multianim\dx3d\debug\dx3d.exe.intermediate.manifest
c:\users\user\desktop\프로그래밍\3d프로그래밍\수업\161123\161123_multianim\dx3d\debug\dx3d.exe.embed.manifest.res
c:\users\user\desktop\프로그래밍\3d프로그래밍\수업\161123\161123_multianim\dx3d\debug\vc100.idb
c:\users\user\desktop\프로그래밍\3d프로그래밍\수업\161123\161123_multianim\dx3d\debug\vc100.pdb
c:\users\user\desktop\프로그래밍\3d프로그래밍\수업\161123\161123_multianim\dx3d\debug\dx3d_manifest.rc
c:\users\user\desktop\프로그래밍\3d프로그래밍\수업\161123\161123_multianim\dx3d\debug\dx3d.tlog\cl.command.1.tlog
c:\users\user\desktop\프로그래밍\3d프로그래밍\수업\161123\161123_multianim\dx3d\debug\dx3d.tlog\cl.read.1.tlog
c:\users\user\desktop\프로그래밍\3d프로그래밍\수업\161123\161123_multianim\dx3d\debug\dx3d.tlog\cl.write.1.tlog
c:\users\user\desktop\프로그래밍\3d프로그래밍\수업\161123\161123_multianim\dx3d\debug\dx3d.tlog\link.command.1.tlog
c:\users\user\desktop\프로그래밍\3d프로그래밍\수업\161123\161123_multianim\dx3d\debug\dx3d.tlog\link.read.1.tlog
c:\users\user\desktop\프로그래밍\3d프로그래밍\수업\161123\161123_multianim\dx3d\debug\dx3d.tlog\link.write.1.tlog
c:\users\user\desktop\프로그래밍\3d프로그래밍\수업\161123\161123_multianim\dx3d\debug\dx3d.tlog\rc.command.1.tlog
c:\users\user\desktop\프로그래밍\3d프로그래밍\수업\161123\161123_multianim\dx3d\debug\dx3d.tlog\rc.read.1.tlog
c:\users\user\desktop\프로그래밍\3d프로그래밍\수업\161123\161123_multianim\dx3d\debug\dx3d.tlog\rc.write.1.tlog
